<?xml version="1.0" encoding="UTF-8"?>
<!-- Generated by org.testng.reporters.JUnitXMLReporter -->
<testsuite hostname="Lenovo-PC" name="Cucumber Tests" tests="2" failures="1" timestamp="30 Dec 2018 00:42:30 GMT" time="30.343" errors="0">
  <testcase name="feature" time="14.152" classname="runners.MainRunner">
    <failure type="cucumber.runtime.CucumberException" message="org.junit.ComparisonFailure: expected:&amp;lt;...nkyouforyourmessage![5]&amp;gt; but was:&amp;lt;...nkyouforyourmessage![]&amp;gt;">
      <![CDATA[cucumber.runtime.CucumberException: org.junit.ComparisonFailure: expected:<...nkyouforyourmessage![5]> but was:<...nkyouforyourmessage![]>
	at cucumber.api.testng.TestNGCucumberRunner.runCucumber(TestNGCucumberRunner.java:69)
	at cucumber.api.testng.AbstractTestNGCucumberTests.feature(AbstractTestNGCucumberTests.java:21)
	at sun.reflect.NativeMethodAccessorImpl.invoke0(Native Method)
	at sun.reflect.NativeMethodAccessorImpl.invoke(NativeMethodAccessorImpl.java:62)
	at sun.reflect.DelegatingMethodAccessorImpl.invoke(DelegatingMethodAccessorImpl.java:43)
	at java.lang.reflect.Method.invoke(Method.java:498)
	at org.testng.internal.MethodInvocationHelper.invokeMethod(MethodInvocationHelper.java:86)
	at org.testng.internal.Invoker.invokeMethod(Invoker.java:643)
	at org.testng.internal.Invoker.invokeTestMethod(Invoker.java:820)
	at org.testng.internal.Invoker.invokeTestMethods(Invoker.java:1128)
	at org.testng.internal.TestMethodWorker.invokeTestMethods(TestMethodWorker.java:129)
	at org.testng.internal.TestMethodWorker.run(TestMethodWorker.java:112)
	at java.util.concurrent.ThreadPoolExecutor.runWorker(ThreadPoolExecutor.java:1149)
	at java.util.concurrent.ThreadPoolExecutor$Worker.run(ThreadPoolExecutor.java:624)
	at java.lang.Thread.run(Thread.java:748)
Caused by: org.junit.ComparisonFailure: expected:<...nkyouforyourmessage![5]> but was:<...nkyouforyourmessage![]>
	at org.junit.Assert.assertEquals(Assert.java:115)
	at org.junit.Assert.assertEquals(Assert.java:144)
	at pageObjects.ContactUs_Page.confirmContactFormSubmissionWasSuccessful(ContactUs_Page.java:57)
	at stepDefinitions.ContactusSteps.the_information_will_successfully_be_submitted_via_the_contact_us_form(ContactusSteps.java:43)
	at âœ½.Then the information will successfully be submitted via the contact us form(contactus.feature:12)
]]>
    </failure>
  </testcase> <!-- feature -->
  <testcase name="feature" time="13.657" classname="runners.MainRunner"/>
</testsuite> <!-- Cucumber Tests -->
